Build started 13/05/2018 11:26:49.
     1>Project "\\nask.man.ac.uk\home$\3rd Year\OOPC++\AC Circuit Project Final Version\AC Circuit Project Final Version\AC Circuit Project Final Version.vcxproj" on node 2 (Build target(s)).
     1>ClCompile:
         C:\Program Files (x86)\Microsoft Visual Studio 12.0\VC\bin\CL.exe /c /Zi /nologo /W3 /WX- /sdl /O2 /Oi /Oy- /GL /D WIN32 /D NDEBUG /D _CONSOLE /D _LIB /D _UNICODE /D UNICODE /Gm- /EHsc /MD /GS /Gy /fp:precise /Zc:wchar_t /Zc:forScope /Fo"Release\\" /Fd"Release\vc120.pdb" /Gd /TP /analyze- /errorReport:prompt Capacitor.cpp CircuitComponent.cpp CircuitNode.cpp ComponentLibraryCreator.cpp CustomComponent.cpp DrawCircuit.cpp DrawEmpty.cpp Inductor.cpp Main.cpp Options.cpp Resistor.cpp UserInputFunctions.cpp
         Capacitor.cpp
         CircuitComponent.cpp
         CircuitNode.cpp
         ComponentLibraryCreator.cpp
         CustomComponent.cpp
         DrawCircuit.cpp
         DrawEmpty.cpp
         Inductor.cpp
         Main.cpp
         Options.cpp
         Resistor.cpp
         UserInputFunctions.cpp
       Link:
         C:\Program Files (x86)\Microsoft Visual Studio 12.0\VC\bin\link.exe /ERRORREPORT:PROMPT /OUT:"\\nask.man.ac.uk\home$\3rd Year\OOPC++\AC Circuit Project Final Version\Release\AC Circuit Project Final Version.exe" /INCREMENTAL:NO /NOLOGO kernel32.lib user32.lib gdi32.lib winspool.lib comdlg32.lib advapi32.lib shell32.lib ole32.lib oleaut32.lib uuid.lib odbc32.lib odbccp32.lib /MANIFEST /MANIFESTUAC:"level='asInvoker' uiAccess='false'" /manifest:embed /DEBUG /PDB:"\\nask.man.ac.uk\home$\3rd Year\OOPC++\AC Circuit Project Final Version\Release\AC Circuit Project Final Version.pdb" /SUBSYSTEM:CONSOLE /OPT:REF /OPT:ICF /LTCG /TLBID:1 /DYNAMICBASE /NXCOMPAT /IMPLIB:"\\nask.man.ac.uk\home$\3rd Year\OOPC++\AC Circuit Project Final Version\Release\AC Circuit Project Final Version.lib" /MACHINE:X86 /SAFESEH Release\Capacitor.obj
         Release\CircuitComponent.obj
         Release\CircuitNode.obj
         Release\ComponentLibraryCreator.obj
         Release\CustomComponent.obj
         Release\DrawCircuit.obj
         Release\DrawEmpty.obj
         Release\Inductor.obj
         Release\Main.obj
         Release\Options.obj
         Release\Resistor.obj
         Release\UserInputFunctions.obj
         Generating code
         Finished generating code
         AC Circuit Project Final Version.vcxproj -> \\nask.man.ac.uk\home$\3rd Year\OOPC++\AC Circuit Project Final Version\Release\AC Circuit Project Final Version.exe
     1>Done Building Project "\\nask.man.ac.uk\home$\3rd Year\OOPC++\AC Circuit Project Final Version\AC Circuit Project Final Version\AC Circuit Project Final Version.vcxproj" (Build target(s)).

Build succeeded.

Time Elapsed 00:00:13.87
