\\nask.man.ac.uk\home$\3rd year\oopc++\ac circuit project final version\ac circuit project final version\debug\vc120.pdb
\\nask.man.ac.uk\home$\3rd year\oopc++\ac circuit project final version\ac circuit project final version\debug\vc120.idb
\\nask.man.ac.uk\home$\3rd year\oopc++\ac circuit project final version\ac circuit project final version\debug\capacitor.obj
\\nask.man.ac.uk\home$\3rd year\oopc++\ac circuit project final version\ac circuit project final version\debug\circuitcomponent.obj
\\nask.man.ac.uk\home$\3rd year\oopc++\ac circuit project final version\ac circuit project final version\debug\circuitnode.obj
\\nask.man.ac.uk\home$\3rd year\oopc++\ac circuit project final version\ac circuit project final version\debug\componentlibrarycreator.obj
\\nask.man.ac.uk\home$\3rd year\oopc++\ac circuit project final version\ac circuit project final version\debug\customcomponent.obj
\\nask.man.ac.uk\home$\3rd year\oopc++\ac circuit project final version\ac circuit project final version\debug\drawcircuit.obj
\\nask.man.ac.uk\home$\3rd year\oopc++\ac circuit project final version\ac circuit project final version\debug\drawempty.obj
\\nask.man.ac.uk\home$\3rd year\oopc++\ac circuit project final version\ac circuit project final version\debug\inductor.obj
\\nask.man.ac.uk\home$\3rd year\oopc++\ac circuit project final version\ac circuit project final version\debug\main.obj
\\nask.man.ac.uk\home$\3rd year\oopc++\ac circuit project final version\ac circuit project final version\debug\options.obj
\\nask.man.ac.uk\home$\3rd year\oopc++\ac circuit project final version\ac circuit project final version\debug\resistor.obj
\\nask.man.ac.uk\home$\3rd year\oopc++\ac circuit project final version\ac circuit project final version\debug\userinputfunctions.obj
\\nask.man.ac.uk\home$\3rd year\oopc++\ac circuit project final version\debug\ac circuit project final version.ilk
\\nask.man.ac.uk\home$\3rd year\oopc++\ac circuit project final version\debug\ac circuit project final version.exe
\\nask.man.ac.uk\home$\3rd year\oopc++\ac circuit project final version\debug\ac circuit project final version.pdb
\\nask.man.ac.uk\home$\3rd year\oopc++\ac circuit project final version\ac circuit project final version\debug\ac circu.a37c02e6.tlog\cl.command.1.tlog
\\nask.man.ac.uk\home$\3rd year\oopc++\ac circuit project final version\ac circuit project final version\debug\ac circu.a37c02e6.tlog\cl.write.1.tlog
\\nask.man.ac.uk\home$\3rd year\oopc++\ac circuit project final version\ac circuit project final version\debug\ac circu.a37c02e6.tlog\cl.read.1.tlog
\\nask.man.ac.uk\home$\3rd year\oopc++\ac circuit project final version\ac circuit project final version\debug\ac circu.a37c02e6.tlog\link.command.1.tlog
\\nask.man.ac.uk\home$\3rd year\oopc++\ac circuit project final version\ac circuit project final version\debug\ac circu.a37c02e6.tlog\link.read.1.tlog
\\nask.man.ac.uk\home$\3rd year\oopc++\ac circuit project final version\ac circuit project final version\debug\ac circu.a37c02e6.tlog\link.write.1.tlog
