Build started 13/05/2018 13:02:16.
     1>Project "\\nask.man.ac.uk\home$\3rd Year\OOPC++\AC Circuit Project Final Version\AC Circuit Project Final Version\AC Circuit Project Final Version.vcxproj" on node 2 (Rebuild target(s)).
     1>ClCompile:
         C:\Program Files (x86)\Microsoft Visual Studio 12.0\VC\bin\CL.exe /c /ZI /nologo /W3 /WX- /sdl /Od /Oy- /D WIN32 /D _DEBUG /D _CONSOLE /D _LIB /D _UNICODE /D UNICODE /Gm /EHsc /RTC1 /MDd /GS /fp:precise /Zc:wchar_t /Zc:forScope /Fo"Debug\\" /Fd"Debug\vc120.pdb" /Gd /TP /analyze- /errorReport:prompt Capacitor.cpp CircuitComponent.cpp CircuitNode.cpp ComponentLibraryCreator.cpp CustomComponent.cpp DrawCircuit.cpp DrawEmpty.cpp Inductor.cpp Main.cpp Options.cpp Resistor.cpp UserInputFunctions.cpp
         UserInputFunctions.cpp
         Resistor.cpp
         Options.cpp
         Main.cpp
         Inductor.cpp
         DrawEmpty.cpp
         DrawCircuit.cpp
         CustomComponent.cpp
         ComponentLibraryCreator.cpp
         CircuitNode.cpp
         CircuitComponent.cpp
         Capacitor.cpp
         Generating Code...
       Link:
         C:\Program Files (x86)\Microsoft Visual Studio 12.0\VC\bin\link.exe /ERRORREPORT:PROMPT /OUT:"\\nask.man.ac.uk\home$\3rd Year\OOPC++\AC Circuit Project Final Version\Debug\AC Circuit Project Final Version.exe" /INCREMENTAL /NOLOGO kernel32.lib user32.lib gdi32.lib winspool.lib comdlg32.lib advapi32.lib shell32.lib ole32.lib oleaut32.lib uuid.lib odbc32.lib odbccp32.lib /MANIFEST /MANIFESTUAC:"level='asInvoker' uiAccess='false'" /manifest:embed /DEBUG /PDB:"\\nask.man.ac.uk\home$\3rd Year\OOPC++\AC Circuit Project Final Version\Debug\AC Circuit Project Final Version.pdb" /SUBSYSTEM:CONSOLE /TLBID:1 /DYNAMICBASE /NXCOMPAT /IMPLIB:"\\nask.man.ac.uk\home$\3rd Year\OOPC++\AC Circuit Project Final Version\Debug\AC Circuit Project Final Version.lib" /MACHINE:X86 Debug\Capacitor.obj
         Debug\CircuitComponent.obj
         Debug\CircuitNode.obj
         Debug\ComponentLibraryCreator.obj
         Debug\CustomComponent.obj
         Debug\DrawCircuit.obj
         Debug\DrawEmpty.obj
         Debug\Inductor.obj
         Debug\Main.obj
         Debug\Options.obj
         Debug\Resistor.obj
         Debug\UserInputFunctions.obj
         AC Circuit Project Final Version.vcxproj -> \\nask.man.ac.uk\home$\3rd Year\OOPC++\AC Circuit Project Final Version\Debug\AC Circuit Project Final Version.exe
     1>Done Building Project "\\nask.man.ac.uk\home$\3rd Year\OOPC++\AC Circuit Project Final Version\AC Circuit Project Final Version\AC Circuit Project Final Version.vcxproj" (Rebuild target(s)).

Build succeeded.

Time Elapsed 00:00:12.49
